<?xml version="1.0" encoding="UTF-8"?>
<!-- Generated by org.testng.reporters.JUnitXMLReporter -->
<testsuite ignored="0" hostname="DESKTOP-2JJITRJ" failures="0" tests="3" name="Default test" time="4.032" errors="0" timestamp="2021-10-05T20:46:07 IST">
  <testcase classname="com.api.basics.DynamicJson" name="addBook" time="3.639"/>
  <testcase classname="com.api.basics.DynamicJson" name="addBook" time="0.161"/>
  <testcase classname="com.api.basics.DynamicJson" name="addBook" time="0.161"/>
</testsuite> <!-- Default test -->
