<?xml version="1.0" encoding="UTF-8"?>
<testng-results ignored="0" total="3" passed="3" failed="0" skipped="0">
  <reporter-output>
  </reporter-output>
  <suite started-at="2021-10-05T20:46:03 IST" name="Default suite" finished-at="2021-10-05T20:46:07 IST" duration-ms="4032">
    <groups>
    </groups>
    <test started-at="2021-10-05T20:46:03 IST" name="Default test" finished-at="2021-10-05T20:46:07 IST" duration-ms="4032">
      <class name="com.api.basics.DynamicJson">
        <test-method signature="addBook(java.lang.String,java.lang.String)[pri:0, instance:com.api.basics.DynamicJson@120f102b]" started-at="2021-10-05T20:46:03 IST" name="addBook" data-provider="BooksData" finished-at="2021-10-05T20:46:06 IST" duration-ms="3639" status="PASS">
          <params>
            <param index="0">
              <value>
                <![CDATA[aloptq]]>
              </value>
            </param>
            <param index="1">
              <value>
                <![CDATA[56012]]>
              </value>
            </param>
          </params>
          <reporter-output>
          </reporter-output>
        </test-method> <!-- addBook -->
        <test-method signature="addBook(java.lang.String,java.lang.String)[pri:0, instance:com.api.basics.DynamicJson@120f102b]" started-at="2021-10-05T20:46:06 IST" name="addBook" data-provider="BooksData" finished-at="2021-10-05T20:46:06 IST" duration-ms="161" status="PASS">
          <params>
            <param index="0">
              <value>
                <![CDATA[ghtrew]]>
              </value>
            </param>
            <param index="1">
              <value>
                <![CDATA[67890]]>
              </value>
            </param>
          </params>
          <reporter-output>
          </reporter-output>
        </test-method> <!-- addBook -->
        <test-method signature="addBook(java.lang.String,java.lang.String)[pri:0, instance:com.api.basics.DynamicJson@120f102b]" started-at="2021-10-05T20:46:06 IST" name="addBook" data-provider="BooksData" finished-at="2021-10-05T20:46:07 IST" duration-ms="161" status="PASS">
          <params>
            <param index="0">
              <value>
                <![CDATA[acfte]]>
              </value>
            </param>
            <param index="1">
              <value>
                <![CDATA[2134]]>
              </value>
            </param>
          </params>
          <reporter-output>
          </reporter-output>
        </test-method> <!-- addBook -->
      </class> <!-- com.api.basics.DynamicJson -->
    </test> <!-- Default test -->
  </suite> <!-- Default suite -->
</testng-results>
